<?xml version="1.0" encoding="UTF-8"?>
<testsuite xmlns:xsi="http://www.w3.org/2001/XMLSchema-instance" xsi:noNamespaceSchemaLocation="https://maven.apache.org/surefire/maven-surefire-plugin/xsd/surefire-test-report-3.0.xsd" version="3.0" name="MainTest" time="0.352" tests="1" errors="0" skipped="0" failures="0">
  <properties>
[...]
</properties>
  <testcase name="mainTest" classname="MainTest" time="0.005">
    <system-out><![CDATA[На свете есть океан , на океане остров , на острове дерево , на дереве заяц , в зайце утка , в утке яйцо , в яйце иголка , смерть Кощея на игле :( koschei.models.Deth8@3116c353
]]></system-out>
    <system-err><![CDATA[мар. 26, 2025 2:28:18 AM org.springframework.test.context.support.AbstractTestContextBootstrapper getDefaultTestExecutionListenerClassNames
INFO: Loaded default TestExecutionListener class names from location [META-INF/spring.factories]: [org.springframework.test.context.web.ServletTestExecutionListener, org.springframework.test.context.support.DirtiesContextBeforeModesTestExecutionListener, org.springframework.test.context.event.ApplicationEventsTestExecutionListener, org.springframework.test.context.support.DependencyInjectionTestExecutionListener, org.springframework.test.context.support.DirtiesContextTestExecutionListener, org.springframework.test.context.transaction.TransactionalTestExecutionListener, org.springframework.test.context.jdbc.SqlScriptsTestExecutionListener, org.springframework.test.context.event.EventPublishingTestExecutionListener]
мар. 26, 2025 2:28:18 AM org.springframework.test.context.support.AbstractTestContextBootstrapper getTestExecutionListeners
INFO: Using TestExecutionListeners: [org.springframework.test.context.support.DirtiesContextBeforeModesTestExecutionListener@1198b989, org.springframework.test.context.event.ApplicationEventsTestExecutionListener@7ff95560, org.springframework.test.context.support.DependencyInjectionTestExecutionListener@add0edd, org.springframework.test.context.support.DirtiesContextTestExecutionListener@2aa3cd93, org.springframework.test.context.event.EventPublishingTestExecutionListener@7ea37dbf]
]]></system-err>
  </testcase>
</testsuite>